<?xml version="1.0" encoding="UTF-8"?>
<testng-results ignored="0" total="2" passed="2" failed="0" skipped="0">
  <reporter-output>
  </reporter-output>
  <suite started-at="2024-05-15T14:24:01 WAT" name="Default suite" finished-at="2024-05-15T14:24:34 WAT" duration-ms="33385">
    <groups>
    </groups>
    <test started-at="2024-05-15T14:24:01 WAT" name="Default test" finished-at="2024-05-15T14:24:34 WAT" duration-ms="33385">
      <class name="SeleniumMavenTestNG.Testcase.Testcase1">
        <test-method is-config="true" signature="LaunchBrowser()[pri:0, instance:SeleniumMavenTestNG.Testcase.Testcase1@5b7a5baa]" started-at="2024-05-15T14:24:01 WAT" name="LaunchBrowser" finished-at="2024-05-15T14:24:06 WAT" duration-ms="5044" status="PASS">
          <reporter-output>
          </reporter-output>
        </test-method> <!-- LaunchBrowser -->
        <test-method signature="checkGoogle()[pri:1, instance:SeleniumMavenTestNG.Testcase.Testcase1@5b7a5baa]" started-at="2024-05-15T14:24:06 WAT" name="checkGoogle" finished-at="2024-05-15T14:24:09 WAT" duration-ms="3235" status="PASS">
          <reporter-output>
          </reporter-output>
        </test-method> <!-- checkGoogle -->
        <test-method signature="checkYahoo()[pri:2, instance:SeleniumMavenTestNG.Testcase.Testcase1@5b7a5baa]" started-at="2024-05-15T14:24:09 WAT" name="checkYahoo" finished-at="2024-05-15T14:24:31 WAT" duration-ms="22300" status="PASS">
          <reporter-output>
          </reporter-output>
        </test-method> <!-- checkYahoo -->
        <test-method is-config="true" signature="CloseBrowser()[pri:0, instance:SeleniumMavenTestNG.Testcase.Testcase1@5b7a5baa]" started-at="2024-05-15T14:24:31 WAT" name="CloseBrowser" finished-at="2024-05-15T14:24:34 WAT" duration-ms="2709" status="PASS">
          <reporter-output>
          </reporter-output>
        </test-method> <!-- CloseBrowser -->
      </class> <!-- SeleniumMavenTestNG.Testcase.Testcase1 -->
    </test> <!-- Default test -->
  </suite> <!-- Default suite -->
</testng-results>
